TN:
SF:src/TokenGuard.sol
DA:83,2
FN:83,TokenGuard.onlyOwner
FNDA:2,TokenGuard.onlyOwner
DA:84,2
BRDA:84,0,0,-
BRDA:84,0,1,1
DA:88,1
FN:88,TokenGuard.onlyCompliance
FNDA:1,TokenGuard.onlyCompliance
DA:89,1
BRDA:89,1,0,-
BRDA:89,1,1,2
DA:93,8
FN:93,TokenGuard.onlyIdentityProvider
FNDA:8,TokenGuard.onlyIdentityProvider
DA:94,8
BRDA:94,2,0,1
BRDA:94,2,1,7
DA:100,26
FN:100,TokenGuard.constructor
FNDA:26,TokenGuard.constructor
DA:106,26
DA:107,26
DA:108,26
DA:109,26
DA:110,26
DA:113,26
DA:125,26
DA:126,26
DA:127,26
DA:132,8
FN:132,TokenGuard.attestIdentity
FNDA:8,TokenGuard.attestIdentity
DA:138,7
DA:148,7
DA:151,7
FN:151,TokenGuard.freezeAccount
FNDA:7,TokenGuard.freezeAccount
DA:152,6
DA:153,6
DA:156,1
FN:156,TokenGuard.unfreezeAccount
FNDA:1,TokenGuard.unfreezeAccount
DA:157,1
DA:158,1
DA:163,3
FN:163,TokenGuard.setKYCRequired
FNDA:3,TokenGuard.setKYCRequired
DA:164,2
DA:165,2
DA:166,2
DA:169,2
FN:169,TokenGuard.setAllowlistOnly
FNDA:2,TokenGuard.setAllowlistOnly
DA:170,2
DA:171,2
DA:174,1
FN:174,TokenGuard.setJurisdictionRestrictions
FNDA:1,TokenGuard.setJurisdictionRestrictions
DA:175,1
DA:176,1
DA:179,2
FN:179,TokenGuard.setMaxTransferAmount
FNDA:2,TokenGuard.setMaxTransferAmount
DA:180,2
DA:181,2
DA:184,0
FN:184,TokenGuard.setDefaultDailyLimit
FNDA:0,TokenGuard.setDefaultDailyLimit
DA:185,0
DA:186,0
DA:189,1
FN:189,TokenGuard.setAuditTrail
FNDA:1,TokenGuard.setAuditTrail
DA:190,1
DA:191,1
DA:194,0
FN:194,TokenGuard.setTransferApprovalRequired
FNDA:0,TokenGuard.setTransferApprovalRequired
DA:195,0
DA:196,0
DA:201,2
FN:201,TokenGuard.updateAllowlist
FNDA:2,TokenGuard.updateAllowlist
DA:202,2
DA:203,2
DA:206,1
FN:206,TokenGuard.blockJurisdiction
FNDA:1,TokenGuard.blockJurisdiction
DA:207,1
DA:208,1
DA:211,1
FN:211,TokenGuard.updateIdentityProvider
FNDA:1,TokenGuard.updateIdentityProvider
DA:212,1
DA:213,1
DA:218,20
FN:218,TokenGuard._checkCompliance
FNDA:20,TokenGuard._checkCompliance
DA:220,1
BRDA:220,3,0,1
DA:221,1
BRDA:221,4,0,1
DA:224,2
BRDA:224,5,0,2
DA:225,2
BRDA:225,6,0,1
DA:226,1
BRDA:226,7,0,-
DA:230,2
BRDA:230,8,0,2
DA:231,2
DA:232,1
BRDA:232,9,0,1
DA:233,1
DA:234,0
BRDA:234,10,0,-
DA:238,1
BRDA:238,11,0,1
DA:240,0
BRDA:240,12,0,-
DA:242,1
BRDA:242,13,0,1
DA:246,15
DA:247,1
BRDA:247,14,0,1
DA:250,14
BRDA:250,15,0,3
DA:251,3
DA:252,3
BRDA:252,16,0,-
DA:253,0
DA:254,0
DA:256,3
DA:257,1
BRDA:257,17,0,1
DA:258,2
DA:261,13
DA:266,1
FN:266,TokenGuard.approve
FNDA:1,TokenGuard.approve
DA:267,1
DA:268,1
DA:269,1
DA:272,20
FN:272,TokenGuard.transfer
FNDA:20,TokenGuard.transfer
DA:273,20
DA:276,2
FN:276,TokenGuard.transferFrom
FNDA:2,TokenGuard.transferFrom
DA:277,2
DA:278,2
BRDA:278,18,0,2
DA:279,2
BRDA:279,19,0,1
BRDA:279,19,1,1
DA:280,1
DA:282,1
DA:285,21
FN:285,TokenGuard._transfer
FNDA:21,TokenGuard._transfer
DA:286,21
BRDA:286,20,0,-
BRDA:286,20,1,21
DA:287,21
BRDA:287,21,0,-
BRDA:287,21,1,21
DA:288,21
BRDA:288,22,0,1
BRDA:288,22,1,20
DA:291,20
DA:293,19
BRDA:293,23,0,19
DA:294,19
DA:295,19
DA:303,19
DA:306,20
BRDA:306,24,0,7
BRDA:306,24,1,13
DA:308,13
DA:309,13
DA:310,13
DA:311,13
DA:316,3
FN:316,TokenGuard.getIdentity
FNDA:3,TokenGuard.getIdentity
DA:325,3
DA:326,3
DA:329,1
FN:329,TokenGuard.getAuditRecord
FNDA:1,TokenGuard.getAuditRecord
DA:337,1
DA:338,1
DA:341,2
FN:341,TokenGuard.isTransferAllowed
FNDA:2,TokenGuard.isTransferAllowed
DA:342,2
BRDA:342,25,0,1
DA:343,1
BRDA:343,26,0,-
DA:344,0
BRDA:344,27,0,-
DA:345,0
BRDA:345,28,0,-
DA:346,0
BRDA:346,29,0,-
DA:348,0
BRDA:348,30,0,-
DA:349,0
BRDA:349,31,0,-
DA:350,0
BRDA:350,32,0,-
DA:352,1
BRDA:352,33,0,-
DA:353,1
FNF:25
FNH:23
LF:124
LH:108
BRF:42
BRH:26
end_of_record
